<?xml version="1.0" encoding="UTF-8"?>
<!-- Generated by org.testng.reporters.JUnitXMLReporter -->
<testsuite ignored="0" hostname="DESKTOP-Q09H3K6" failures="0" tests="2" name="Test" time="0.394" errors="0" timestamp="2024-02-24T22:38:33 PST">
  <testcase classname="TestScript.SauceDemo" name="@BeforeClass setUp" time="0.024">
    <failure type="java.io.FileNotFoundException" message="C:\Users\tirum\eclipse-workspace\Eclipse_Codes\Capstone\src\test\java\com\sdet\testdata\Credentials.properties (The system cannot find the path specified)">
      <![CDATA[java.io.FileNotFoundException: C:\Users\tirum\eclipse-workspace\Eclipse_Codes\Capstone\src\test\java\com\sdet\testdata\Credentials.properties (The system cannot find the path specified)
at java.base/java.io.FileInputStream.open0(Native Method)
at java.base/java.io.FileInputStream.open(FileInputStream.java:216)
at java.base/java.io.FileInputStream.<init>(FileInputStream.java:157)
at java.base/java.io.FileInputStream.<init>(FileInputStream.java:111)
at TestScript.SauceDemo.setUp(SauceDemo.java:35)
at java.base/java.util.ArrayList.forEach(ArrayList.java:1511)
... Removed 25 stack frames]]>
    </failure>
  </testcase> <!-- @BeforeClass setUp -->
  <testcase classname="TestScript.SauceDemo" name="@AfterClass tearDown" time="0.0">
    <skipped/>
  </testcase> <!-- @AfterClass tearDown -->
  <testcase classname="TestScript.SauceDemo" name="@BeforeClass setUp" time="0.001">
    <failure type="java.io.FileNotFoundException" message="C:\Users\tirum\eclipse-workspace\Eclipse_Codes\Capstone\src\test\java\com\sdet\testdata\Credentials.properties (The system cannot find the path specified)">
      <![CDATA[java.io.FileNotFoundException: C:\Users\tirum\eclipse-workspace\Eclipse_Codes\Capstone\src\test\java\com\sdet\testdata\Credentials.properties (The system cannot find the path specified)
at java.base/java.io.FileInputStream.open0(Native Method)
at java.base/java.io.FileInputStream.open(FileInputStream.java:216)
at java.base/java.io.FileInputStream.<init>(FileInputStream.java:157)
at java.base/java.io.FileInputStream.<init>(FileInputStream.java:111)
at TestScript.SauceDemo.setUp(SauceDemo.java:35)
at java.base/java.util.ArrayList.forEach(ArrayList.java:1511)
... Removed 25 stack frames]]>
    </failure>
  </testcase> <!-- @BeforeClass setUp -->
  <testcase classname="TestScript.SauceDemo" name="@AfterClass tearDown" time="0.0">
    <skipped/>
  </testcase> <!-- @AfterClass tearDown -->
  <testcase classname="TestScript.InvalidLoginTC" name="testValidLogin" time="0.0">
    <skipped/>
  </testcase> <!-- testValidLogin -->
  <testcase classname="TestScript.ValidLoginTc" name="testValidLogin" time="0.001">
    <skipped/>
  </testcase> <!-- testValidLogin -->
</testsuite> <!-- Test -->
